Base path: C:/Program Files (x86)/Unity/Editor/Data
Pipe name: \\.\pipe\UnityShaderCompiler-1-27224
Cmd: getPlatforms
Cmd: preprocess
  insize=5313 outsize=2269 ok=1
Cmd: compileSnippet
  error: 2 plat 4 at (78): undeclared identifier 'UnityObjectToClipPos'
  api=4 type=0 insize=3348 outsize=0 kw=WATER_REFRACTIVE ok=0
Cmd: preprocess
  insize=13172 outsize=2854 ok=1
Cmd: compileSnippet
  error: 2 plat 4 at WaterInclude.cginc(132): undeclared identifier 'unity_ObjectToWorld'
  api=4 type=0 insize=10226 outsize=0 kw=WATER_REFLECTIVE WATER_VERTEX_DISPLACEMENT_ON WATER_EDGEBLEND_ON ok=0
Cmd: preprocess
  insize=12327 outsize=2736 ok=1
Cmd: compileSnippet
  error: 2 plat 4 at WaterInclude.cginc(132): undeclared identifier 'unity_ObjectToWorld'
  api=4 type=0 insize=9500 outsize=0 kw=WATER_REFLECTIVE WATER_VERTEX_DISPLACEMENT_ON WATER_EDGEBLEND_ON ok=0
Cmd: preprocess
  insize=5140 outsize=2085 ok=1
Cmd: compileSnippet
  api=4 type=0 insize=3359 outsize=2087 kw=WATER_REFRACTIVE ok=1
Cmd: compileSnippet
  api=4 type=1 insize=3359 outsize=2875 kw=WATER_REFRACTIVE ok=1
Cmd: preprocess
  insize=12913 outsize=2602 ok=1
Cmd: compileSnippet
  api=4 type=0 insize=10220 outsize=5369 kw=WATER_REFLECTIVE WATER_VERTEX_DISPLACEMENT_ON WATER_EDGEBLEND_ON ok=1
Cmd: compileSnippet
  api=4 type=1 insize=10220 outsize=5897 kw=WATER_REFLECTIVE WATER_VERTEX_DISPLACEMENT_ON WATER_EDGEBLEND_ON ok=1
Cmd: compileSnippet
  api=4 type=0 insize=10224 outsize=4979 kw=WATER_REFLECTIVE WATER_VERTEX_DISPLACEMENT_ON WATER_EDGEBLEND_ON ok=1
Cmd: compileSnippet
  api=4 type=1 insize=10224 outsize=4483 kw=WATER_REFLECTIVE WATER_VERTEX_DISPLACEMENT_ON WATER_EDGEBLEND_ON ok=1
Cmd: compileSnippet
  api=4 type=0 insize=9966 outsize=1875 kw= ok=1
Cmd: compileSnippet
  api=4 type=1 insize=9966 outsize=3070 kw= ok=1
Cmd: preprocess
  insize=12080 outsize=2481 ok=1
Cmd: compileSnippet
  api=4 type=0 insize=9506 outsize=5020 kw=WATER_REFLECTIVE WATER_VERTEX_DISPLACEMENT_ON WATER_EDGEBLEND_ON ok=1
Cmd: compileSnippet
  api=4 type=1 insize=9506 outsize=5003 kw=WATER_REFLECTIVE WATER_VERTEX_DISPLACEMENT_ON WATER_EDGEBLEND_ON ok=1
Cmd: compileSnippet
  api=4 type=0 insize=9510 outsize=4727 kw=WATER_REFLECTIVE WATER_VERTEX_DISPLACEMENT_ON WATER_EDGEBLEND_ON ok=1
Cmd: compileSnippet
  api=4 type=1 insize=9510 outsize=4215 kw=WATER_REFLECTIVE WATER_VERTEX_DISPLACEMENT_ON WATER_EDGEBLEND_ON ok=1
Cmd: compileSnippet
  api=4 type=0 insize=9252 outsize=1835 kw= ok=1
Cmd: compileSnippet
  api=4 type=1 insize=9252 outsize=3070 kw= ok=1
Cmd: compileSnippet
  api=4 type=0 insize=3359 outsize=1729 kw=WATER_SIMPLE ok=1
Cmd: compileSnippet
  api=4 type=1 insize=3359 outsize=2225 kw=WATER_SIMPLE ok=1
Cmd: compileSnippet
  api=4 type=0 insize=10224 outsize=4979 kw=WATER_SIMPLE WATER_VERTEX_DISPLACEMENT_ON WATER_EDGEBLEND_ON ok=1
Cmd: compileSnippet
  api=4 type=1 insize=10224 outsize=3907 kw=WATER_SIMPLE WATER_VERTEX_DISPLACEMENT_ON WATER_EDGEBLEND_ON ok=1
Cmd: compileSnippet
  api=4 type=0 insize=9510 outsize=4727 kw=WATER_SIMPLE WATER_VERTEX_DISPLACEMENT_ON WATER_EDGEBLEND_ON ok=1
Cmd: compileSnippet
  api=4 type=1 insize=9510 outsize=3484 kw=WATER_SIMPLE WATER_VERTEX_DISPLACEMENT_ON WATER_EDGEBLEND_ON ok=1
Cmd: compileSnippet
  api=4 type=0 insize=10224 outsize=4979 kw=WATER_SIMPLE WATER_VERTEX_DISPLACEMENT_ON WATER_EDGEBLEND_OFF ok=1
Cmd: compileSnippet
  api=4 type=1 insize=10224 outsize=3305 kw=WATER_SIMPLE WATER_VERTEX_DISPLACEMENT_ON WATER_EDGEBLEND_OFF ok=1
Cmd: compileSnippet
  api=4 type=0 insize=10224 outsize=2330 kw=WATER_SIMPLE WATER_EDGEBLEND_OFF WATER_VERTEX_DISPLACEMENT_OFF ok=1
Cmd: compileSnippet
  api=4 type=1 insize=10224 outsize=3305 kw=WATER_SIMPLE WATER_EDGEBLEND_OFF WATER_VERTEX_DISPLACEMENT_OFF ok=1
Cmd: compileSnippet
  api=4 type=0 insize=9510 outsize=4727 kw=WATER_SIMPLE WATER_VERTEX_DISPLACEMENT_ON WATER_EDGEBLEND_OFF ok=1
Cmd: compileSnippet
  api=4 type=1 insize=9510 outsize=2883 kw=WATER_SIMPLE WATER_VERTEX_DISPLACEMENT_ON WATER_EDGEBLEND_OFF ok=1
Cmd: compileSnippet
  api=4 type=0 insize=10224 outsize=4979 kw=WATER_REFLECTIVE WATER_VERTEX_DISPLACEMENT_ON WATER_EDGEBLEND_OFF ok=1
Cmd: compileSnippet
  api=4 type=1 insize=10224 outsize=3907 kw=WATER_REFLECTIVE WATER_VERTEX_DISPLACEMENT_ON WATER_EDGEBLEND_OFF ok=1
Cmd: compileSnippet
  api=4 type=0 insize=9510 outsize=2330 kw=WATER_SIMPLE WATER_EDGEBLEND_OFF WATER_VERTEX_DISPLACEMENT_OFF ok=1
Cmd: compileSnippet
  api=4 type=1 insize=9510 outsize=2883 kw=WATER_SIMPLE WATER_EDGEBLEND_OFF WATER_VERTEX_DISPLACEMENT_OFF ok=1
Cmd: compileSnippet
  api=0 type=0 insize=3359 outsize=743 kw=WATER_REFRACTIVE ok=1
Cmd: compileSnippet
  api=1 type=0 insize=3359 outsize=449 kw=WATER_REFLECTIVE ok=1
Cmd: compileSnippet
  api=4 type=0 insize=3359 outsize=2087 kw=WATER_REFLECTIVE ok=1
Cmd: compileSnippet
  api=8 type=0 insize=3359 outsize=3072 kw=WATER_REFLECTIVE ok=1
Cmd: compileSnippet
  api=0 type=0 insize=3359 outsize=636 kw=WATER_SIMPLE ok=1
Cmd: compileSnippet
  api=8 type=0 insize=3359 outsize=2511 kw=WATER_SIMPLE ok=1
Cmd: compileSnippet
  api=0 type=1 insize=3359 outsize=1055 kw=WATER_REFRACTIVE ok=1
Cmd: compileSnippet
  api=8 type=1 insize=3359 outsize=3860 kw=WATER_REFLECTIVE ok=1
